Using pre-set license
Built from '2020.3/staging' branch; Version is '2020.3.24f1 (79c78de19888) revision 7980941'; Using compiler version '192528614'; Build Type 'Release'
OS: 'Windows 11  (10.0.22000) 64bit Professional' Language: 'en' Physical Memory: 23987 MB
BatchMode: 1, IsHumanControllingUs: 0, StartBugReporterOnCrash: 0, Is64bit: 1, IsPro: 0

COMMAND LINE ARGUMENTS:
C:\Program Files\Unity\Hub\Editor\2020.3.24f1\Editor\Unity.exe
-adb2
-batchMode
-noUpm
-name
AssetImportWorker0
-projectPath
C:/Users/delius/OneDrive/GitHub/Coding-In-Flow-2D-Tutorial
-logFile
Logs/AssetImportWorker0.log
-srvPort
56103
Successfully changed project path to: C:/Users/delius/OneDrive/GitHub/Coding-In-Flow-2D-Tutorial
C:/Users/delius/OneDrive/GitHub/Coding-In-Flow-2D-Tutorial
Using Asset Import Pipeline V2.
Refreshing native plugins compatible for Editor in 66.66 ms, found 3 plugins.
Preloading 0 native plugins for Editor in 0.00 ms.
Initialize engine version: 2020.3.24f1 (79c78de19888)
[Subsystems] Discovering subsystems at path C:/Program Files/Unity/Hub/Editor/2020.3.24f1/Editor/Data/Resources/UnitySubsystems
[Subsystems] Discovering subsystems at path C:/Users/delius/OneDrive/GitHub/Coding-In-Flow-2D-Tutorial/Assets
GfxDevice: creating device client; threaded=0
Direct3D:
    Version:  Direct3D 11.0 [level 11.0]
    Renderer: NVIDIA GeForce 930MX (ID=0x134e)
    Vendor:   
    VRAM:     2010 MB
    Driver:   30.0.14.9676
Initialize mono
Mono path[0] = 'C:/Program Files/Unity/Hub/Editor/2020.3.24f1/Editor/Data/Managed'
Mono path[1] = 'C:/Program Files/Unity/Hub/Editor/2020.3.24f1/Editor/Data/MonoBleedingEdge/lib/mono/unityjit'
Mono config path = 'C:/Program Files/Unity/Hub/Editor/2020.3.24f1/Editor/Data/MonoBleedingEdge/etc'
Using monoOptions --debugger-agent=transport=dt_socket,embedding=1,server=y,suspend=n,address=127.0.0.1:56700
Begin MonoManager ReloadAssembly
Registering precompiled unity dll's ...
Register platform support module: C:/Program Files/Unity/Hub/Editor/2020.3.24f1/Editor/Data/PlaybackEngines/WindowsStandaloneSupport/UnityEditor.WindowsStandalone.Extensions.dll
Registered in 0.001628 seconds.
Native extension for WindowsStandalone target not found
Refreshing native plugins compatible for Editor in 55.81 ms, found 3 plugins.
Preloading 0 native plugins for Editor in 0.00 ms.
Mono: successfully reloaded assembly
- Completed reload, in  0.692 seconds
Domain Reload Profiling:
	ReloadAssembly (693ms)
		BeginReloadAssembly (57ms)
			ExecutionOrderSort (0ms)
			DisableScriptedObjects (0ms)
			BackupInstance (0ms)
			ReleaseScriptingObjects (0ms)
			CreateAndSetChildDomain (1ms)
		EndReloadAssembly (543ms)
			LoadAssemblies (56ms)
			RebuildTransferFunctionScriptingTraits (0ms)
			SetupTypeCache (183ms)
			ReleaseScriptCaches (0ms)
			RebuildScriptCaches (39ms)
			SetupLoadedEditorAssemblies (202ms)
				LogAssemblyErrors (0ms)
				InitializePlatformSupportModulesInManaged (5ms)
				SetLoadedEditorAssemblies (0ms)
				RefreshPlugins (56ms)
				BeforeProcessingInitializeOnLoad (19ms)
				ProcessInitializeOnLoadAttributes (90ms)
				ProcessInitializeOnLoadMethodAttributes (31ms)
				AfterProcessingInitializeOnLoad (0ms)
				EditorAssembliesLoaded (0ms)
			ExecutionOrderSort2 (0ms)
			AwakeInstancesAfterBackupRestoration (0ms)
Platform modules already initialized, skipping
Registering precompiled user dll's ...
Registered in 0.006273 seconds.
Begin MonoManager ReloadAssembly
Native extension for WindowsStandalone target not found
Refreshing native plugins compatible for Editor in 69.55 ms, found 3 plugins.
Preloading 0 native plugins for Editor in 0.00 ms.
Mono: successfully reloaded assembly
- Completed reload, in  1.301 seconds
Domain Reload Profiling:
	ReloadAssembly (1302ms)
		BeginReloadAssembly (160ms)
			ExecutionOrderSort (0ms)
			DisableScriptedObjects (6ms)
			BackupInstance (0ms)
			ReleaseScriptingObjects (0ms)
			CreateAndSetChildDomain (22ms)
		EndReloadAssembly (1076ms)
			LoadAssemblies (100ms)
			RebuildTransferFunctionScriptingTraits (0ms)
			SetupTypeCache (351ms)
			ReleaseScriptCaches (1ms)
			RebuildScriptCaches (59ms)
			SetupLoadedEditorAssemblies (411ms)
				LogAssemblyErrors (0ms)
				InitializePlatformSupportModulesInManaged (4ms)
				SetLoadedEditorAssemblies (0ms)
				RefreshPlugins (70ms)
				BeforeProcessingInitializeOnLoad (96ms)
				ProcessInitializeOnLoadAttributes (218ms)
				ProcessInitializeOnLoadMethodAttributes (18ms)
				AfterProcessingInitializeOnLoad (5ms)
				EditorAssembliesLoaded (0ms)
			ExecutionOrderSort2 (0ms)
			AwakeInstancesAfterBackupRestoration (7ms)
Platform modules already initialized, skipping
========================================================================
Worker process is ready to serve import requests
Launched and connected shader compiler UnityShaderCompiler.exe after 0.07 seconds
Refreshing native plugins compatible for Editor in 0.72 ms, found 3 plugins.
Preloading 0 native plugins for Editor in 0.00 ms.
Unloading 2202 Unused Serialized files (Serialized files now loaded: 0)
System memory in use before: 96.0 MB.
System memory in use after: 96.1 MB.

Unloading 28 unused Assets to reduce memory usage. Loaded Objects now: 2636.
Total: 4.686300 ms (FindLiveObjects: 0.621500 ms CreateObjectMapping: 0.466600 ms MarkObjects: 3.515100 ms  DeleteObjects: 0.081500 ms)

AssetImportParameters requested are different than current active one (requested -> active):
  custom:framework-win-MediaFoundation: 216162199b28c13a410421893ffa2e32 -> 
  custom:video-decoder-ogg-theora: a1e56fd34408186e4bbccfd4996cb3dc -> 
  custom:container-muxer-webm: aa71ff27fc2769a1b78a27578f13a17b -> 
  custom:container-demuxer-webm: 4f35f7cbe854078d1ac9338744f61a02 -> 
  custom:container-demuxer-ogg: 62fdf1f143b41e24485cea50d1cbac27 -> 
  custom:video-encoder-webm-vp8: eb34c28f22e8b96e1ab97ce403110664 -> 
  custom:video-decoder-webm-vp8: 9c59270c3fd7afecdb556c50c9e8de78 -> 
  custom:audio-decoder-ogg-vorbis: bf7c407c2cedff20999df2af8eb42d56 -> 
  custom:audio-encoder-webm-vorbis: bf7c407c2cedff20999df2af8eb42d56 -> 
========================================================================
Received Import Request.
  path: Assets/Prefab/Player.prefab
  artifactKey: Guid(6e6cf0ddb9813df49b3cd5b1de9b3876) Importer(815301076,1909f56bfc062723c751e8b465ee728b)
Start importing Assets/Prefab/Player.prefab using Guid(6e6cf0ddb9813df49b3cd5b1de9b3876) Importer(815301076,1909f56bfc062723c751e8b465ee728b)  -> (artifact id: 'f5f0d9113f14de75b5c25fbd1eb0cc8c') in 0.141842 seconds 
  Import took 0.149879 seconds .

========================================================================
Received Import Request.
  Time since last request: 0.000283 seconds.
  path: Assets/Prefab/Terrain.prefab
  artifactKey: Guid(78f283bcbd066034e9038ac935f019d7) Importer(815301076,1909f56bfc062723c751e8b465ee728b)
Start importing Assets/Prefab/Terrain.prefab using Guid(78f283bcbd066034e9038ac935f019d7) Importer(815301076,1909f56bfc062723c751e8b465ee728b)  -> (artifact id: '524a90027540f1733000a5ed39523cb7') in 0.117006 seconds 
  Import took 0.127936 seconds .

========================================================================
Received Import Request.
  Time since last request: 0.000240 seconds.
  path: Assets/Prefab/Kiwi.prefab
  artifactKey: Guid(b80e62a47ebf43748bd8c24c862cb5bc) Importer(815301076,1909f56bfc062723c751e8b465ee728b)
Start importing Assets/Prefab/Kiwi.prefab using Guid(b80e62a47ebf43748bd8c24c862cb5bc) Importer(815301076,1909f56bfc062723c751e8b465ee728b)  -> (artifact id: '26887288b770e2f9b7389aec8d2cceab') in 0.024875 seconds 
  Import took 0.031737 seconds .

========================================================================
Received Import Request.
  Time since last request: 0.000342 seconds.
  path: Assets/Prefab/Saw.prefab
  artifactKey: Guid(3d2404ff856844647a4fe4db84ac3a14) Importer(815301076,1909f56bfc062723c751e8b465ee728b)
Start importing Assets/Prefab/Saw.prefab using Guid(3d2404ff856844647a4fe4db84ac3a14) Importer(815301076,1909f56bfc062723c751e8b465ee728b)  -> (artifact id: '17809697dca77424b6464e711d491f0a') in 0.023253 seconds 
  Import took 0.028737 seconds .

========================================================================
Received Import Request.
  Time since last request: 0.000327 seconds.
  path: Assets/Prefab/Main Camera.prefab
  artifactKey: Guid(46d1301d64314824ab65e296321a7f82) Importer(815301076,1909f56bfc062723c751e8b465ee728b)
Start importing Assets/Prefab/Main Camera.prefab using Guid(46d1301d64314824ab65e296321a7f82) Importer(815301076,1909f56bfc062723c751e8b465ee728b)  -> (artifact id: 'd6e2a64a4f808a706ee22289e6a20025') in 0.014616 seconds 
  Import took 0.022270 seconds .

========================================================================
Received Import Request.
  Time since last request: 0.000327 seconds.
  path: Assets/Prefab/Spikes.prefab
  artifactKey: Guid(2bbf6140424125e40a50c6477ea8956c) Importer(815301076,1909f56bfc062723c751e8b465ee728b)
Start importing Assets/Prefab/Spikes.prefab using Guid(2bbf6140424125e40a50c6477ea8956c) Importer(815301076,1909f56bfc062723c751e8b465ee728b)  -> (artifact id: '26f8cc6ff51b23f01967889cc2f7c012') in 0.020500 seconds 
  Import took 0.024975 seconds .

========================================================================
Received Import Request.
  Time since last request: 0.000220 seconds.
  path: Assets/Prefab/Moving Platform.prefab
  artifactKey: Guid(c0047ea0566222849a7ac970bdbc90d2) Importer(815301076,1909f56bfc062723c751e8b465ee728b)
Start importing Assets/Prefab/Moving Platform.prefab using Guid(c0047ea0566222849a7ac970bdbc90d2) Importer(815301076,1909f56bfc062723c751e8b465ee728b)  -> (artifact id: 'ef808c6e26c305834184c52e40b721c0') in 0.023696 seconds 
  Import took 0.029275 seconds .

========================================================================
Received Import Request.
  Time since last request: 0.000208 seconds.
  path: Assets/Prefab/Finish.prefab
  artifactKey: Guid(b97c95add5fd28143b148b5b13adfc2d) Importer(815301076,1909f56bfc062723c751e8b465ee728b)
Start importing Assets/Prefab/Finish.prefab using Guid(b97c95add5fd28143b148b5b13adfc2d) Importer(815301076,1909f56bfc062723c751e8b465ee728b)  -> (artifact id: '2bd04fbc73cb49bc379d6fbb07bdbfc1') in 0.027054 seconds 
  Import took 0.031834 seconds .

========================================================================
Received Import Request.
  Time since last request: 0.000235 seconds.
  path: Assets/Prefab/Canvas.prefab
  artifactKey: Guid(1066c731c0d5c434f961960acb4c9a13) Importer(815301076,1909f56bfc062723c751e8b465ee728b)
Start importing Assets/Prefab/Canvas.prefab using Guid(1066c731c0d5c434f961960acb4c9a13) Importer(815301076,1909f56bfc062723c751e8b465ee728b)  -> (artifact id: 'ba64a6c86464cee70c3f3ffa068501dd') in 0.025142 seconds 
  Import took 0.030232 seconds .

========================================================================
Received Import Request.
  Time since last request: 0.000209 seconds.
  path: Assets/Prefab/Background Music.prefab
  artifactKey: Guid(3358a2a9123d87a43a469be6ee33d9e9) Importer(815301076,1909f56bfc062723c751e8b465ee728b)
Start importing Assets/Prefab/Background Music.prefab using Guid(3358a2a9123d87a43a469be6ee33d9e9) Importer(815301076,1909f56bfc062723c751e8b465ee728b)  -> (artifact id: 'a16f9b23d37f4dbf21186cfae88a96c0') in 0.015315 seconds 
  Import took 0.020011 seconds .

========================================================================
Received Prepare
Refreshing native plugins compatible for Editor in 4.05 ms, found 3 plugins.
Preloading 0 native plugins for Editor in 0.00 ms.
Unloading 15 Unused Serialized files (Serialized files now loaded: 0)
System memory in use before: 57.9 MB.
System memory in use after: 58.0 MB.

Unloading 15 unused Assets to reduce memory usage. Loaded Objects now: 2643.
Total: 4.011600 ms (FindLiveObjects: 0.220400 ms CreateObjectMapping: 0.100700 ms MarkObjects: 3.668500 ms  DeleteObjects: 0.021100 ms)

AssetImportParameters requested are different than current active one (requested -> active):
  custom:framework-win-MediaFoundation: 216162199b28c13a410421893ffa2e32 -> 
  custom:video-decoder-ogg-theora: a1e56fd34408186e4bbccfd4996cb3dc -> 
  custom:container-muxer-webm: aa71ff27fc2769a1b78a27578f13a17b -> 
  custom:container-demuxer-webm: 4f35f7cbe854078d1ac9338744f61a02 -> 
  custom:container-demuxer-ogg: 62fdf1f143b41e24485cea50d1cbac27 -> 
  custom:video-encoder-webm-vp8: eb34c28f22e8b96e1ab97ce403110664 -> 
  custom:video-decoder-webm-vp8: 9c59270c3fd7afecdb556c50c9e8de78 -> 
  custom:audio-decoder-ogg-vorbis: bf7c407c2cedff20999df2af8eb42d56 -> 
  custom:audio-encoder-webm-vorbis: bf7c407c2cedff20999df2af8eb42d56 -> 
========================================================================
Received Import Request.
  Time since last request: 27.186568 seconds.
  path: Assets/Scenes
  artifactKey: Guid(ffe66b31cbd088d4e861b6a1867bfcf1) Importer(815301076,1909f56bfc062723c751e8b465ee728b)
Start importing Assets/Scenes using Guid(ffe66b31cbd088d4e861b6a1867bfcf1) Importer(815301076,1909f56bfc062723c751e8b465ee728b)  -> (artifact id: 'a2d38138034909eb5673b22873970622') in 0.008677 seconds 
  Import took 0.013053 seconds .

========================================================================
Received Import Request.
  Time since last request: 1.001823 seconds.
  path: Assets/Scenes/Level01.unity
  artifactKey: Guid(2cda990e2423bbf4892e6590ba056729) Importer(815301076,1909f56bfc062723c751e8b465ee728b)
Start importing Assets/Scenes/Level01.unity using Guid(2cda990e2423bbf4892e6590ba056729) Importer(815301076,1909f56bfc062723c751e8b465ee728b)  -> (artifact id: '95d5b9dc3a703c1b7bd0b1b236b6871c') in 0.013217 seconds 
  Import took 0.018300 seconds .

========================================================================
Received Import Request.
  Time since last request: 1.094901 seconds.
  path: Assets/Scenes/Level02.unity
  artifactKey: Guid(1927c30cc0452464d8a30c9d35514e53) Importer(815301076,1909f56bfc062723c751e8b465ee728b)
Start importing Assets/Scenes/Level02.unity using Guid(1927c30cc0452464d8a30c9d35514e53) Importer(815301076,1909f56bfc062723c751e8b465ee728b)  -> (artifact id: '5466de90c738649f0dcd52570637c209') in 0.010634 seconds 
  Import took 0.015567 seconds .

========================================================================
Received Prepare
Registering precompiled user dll's ...
Registered in 0.006849 seconds.
Begin MonoManager ReloadAssembly
Native extension for WindowsStandalone target not found
Refreshing native plugins compatible for Editor in 0.49 ms, found 3 plugins.
Preloading 0 native plugins for Editor in 0.00 ms.
Mono: successfully reloaded assembly
- Completed reload, in  0.988 seconds
Domain Reload Profiling:
	ReloadAssembly (989ms)
		BeginReloadAssembly (111ms)
			ExecutionOrderSort (0ms)
			DisableScriptedObjects (6ms)
			BackupInstance (0ms)
			ReleaseScriptingObjects (0ms)
			CreateAndSetChildDomain (38ms)
		EndReloadAssembly (820ms)
			LoadAssemblies (88ms)
			RebuildTransferFunctionScriptingTraits (0ms)
			SetupTypeCache (296ms)
			ReleaseScriptCaches (1ms)
			RebuildScriptCaches (44ms)
			SetupLoadedEditorAssemblies (289ms)
				LogAssemblyErrors (0ms)
				InitializePlatformSupportModulesInManaged (4ms)
				SetLoadedEditorAssemblies (0ms)
				RefreshPlugins (1ms)
				BeforeProcessingInitializeOnLoad (80ms)
				ProcessInitializeOnLoadAttributes (189ms)
				ProcessInitializeOnLoadMethodAttributes (11ms)
				AfterProcessingInitializeOnLoad (4ms)
				EditorAssembliesLoaded (0ms)
			ExecutionOrderSort2 (0ms)
			AwakeInstancesAfterBackupRestoration (10ms)
Platform modules already initialized, skipping
Refreshing native plugins compatible for Editor in 0.60 ms, found 3 plugins.
Preloading 0 native plugins for Editor in 0.00 ms.
Unloading 2191 Unused Serialized files (Serialized files now loaded: 0)
System memory in use before: 98.6 MB.
System memory in use after: 98.7 MB.

Unloading 17 unused Assets to reduce memory usage. Loaded Objects now: 2645.
Total: 3.224700 ms (FindLiveObjects: 0.283500 ms CreateObjectMapping: 0.075700 ms MarkObjects: 2.848600 ms  DeleteObjects: 0.016200 ms)

AssetImportParameters requested are different than current active one (requested -> active):
  custom:framework-win-MediaFoundation: 216162199b28c13a410421893ffa2e32 -> 
  custom:video-decoder-ogg-theora: a1e56fd34408186e4bbccfd4996cb3dc -> 
  custom:container-muxer-webm: aa71ff27fc2769a1b78a27578f13a17b -> 
  custom:container-demuxer-webm: 4f35f7cbe854078d1ac9338744f61a02 -> 
  custom:container-demuxer-ogg: 62fdf1f143b41e24485cea50d1cbac27 -> 
  custom:video-encoder-webm-vp8: eb34c28f22e8b96e1ab97ce403110664 -> 
  custom:video-decoder-webm-vp8: 9c59270c3fd7afecdb556c50c9e8de78 -> 
  custom:audio-decoder-ogg-vorbis: bf7c407c2cedff20999df2af8eb42d56 -> 
  custom:audio-encoder-webm-vorbis: bf7c407c2cedff20999df2af8eb42d56 -> 
========================================================================
Received Import Request.
  Time since last request: 64.630150 seconds.
  path: Assets/Scenes/Start Screen.unity
  artifactKey: Guid(da8a71048a116d8458ebf189b44d9831) Importer(815301076,1909f56bfc062723c751e8b465ee728b)
Start importing Assets/Scenes/Start Screen.unity using Guid(da8a71048a116d8458ebf189b44d9831) Importer(815301076,1909f56bfc062723c751e8b465ee728b)  -> (artifact id: '2dee757ebbc87d8a1df6a9a63c56fd58') in 0.019273 seconds 
  Import took 0.022748 seconds .

========================================================================
Received Import Request.
  Time since last request: 43.069258 seconds.
  path: Assets/Fonts/PressStart2P-Regular.ttf
  artifactKey: Guid(c780395a56385974697c9f1f58eaa323) Importer(815301076,1909f56bfc062723c751e8b465ee728b)
Start importing Assets/Fonts/PressStart2P-Regular.ttf using Guid(c780395a56385974697c9f1f58eaa323) Importer(815301076,1909f56bfc062723c751e8b465ee728b)  -> (artifact id: '89cb9261499003178fbdd24de1952f4c') in 0.148715 seconds 
  Import took 0.153975 seconds .

========================================================================
Received Import Request.
  Time since last request: 177.956213 seconds.
  path: Assets/Pixel Adventure 1
  artifactKey: Guid(ac5ecaf42d5cb1a4ea43e6491b6efa29) Importer(815301076,1909f56bfc062723c751e8b465ee728b)
Start importing Assets/Pixel Adventure 1 using Guid(ac5ecaf42d5cb1a4ea43e6491b6efa29) Importer(815301076,1909f56bfc062723c751e8b465ee728b)  -> (artifact id: '2c728605846f472d5dc2488640064f44') in 0.011074 seconds 
  Import took 0.015082 seconds .

========================================================================
Received Import Request.
  Time since last request: 0.938067 seconds.
  path: Assets/Pixel Adventure 1/Assets
  artifactKey: Guid(e7fabf8f9d1b6f6499883b9c8ad15b65) Importer(815301076,1909f56bfc062723c751e8b465ee728b)
Start importing Assets/Pixel Adventure 1/Assets using Guid(e7fabf8f9d1b6f6499883b9c8ad15b65) Importer(815301076,1909f56bfc062723c751e8b465ee728b)  -> (artifact id: 'e8d115f69437d19ad461ac12d8545da7') in 0.010534 seconds 
  Import took 0.014716 seconds .

========================================================================
Received Import Request.
  Time since last request: 1.771866 seconds.
  path: Assets/Pixel Adventure 1/Assets/Main Characters
  artifactKey: Guid(c674b6697fb2a834d9379dc2411ddde1) Importer(815301076,1909f56bfc062723c751e8b465ee728b)
Start importing Assets/Pixel Adventure 1/Assets/Main Characters using Guid(c674b6697fb2a834d9379dc2411ddde1) Importer(815301076,1909f56bfc062723c751e8b465ee728b)  -> (artifact id: 'c9769a61b76351c79711032d0d870c10') in 0.012637 seconds 
  Import took 0.016906 seconds .

========================================================================
Received Import Request.
  Time since last request: 0.024490 seconds.
  path: Assets/Pixel Adventure 1/Assets/Main Characters/Appearing (96x96).png
  artifactKey: Guid(3421078018dc3934a8c1ab3b7bf89aa0) Importer(815301076,1909f56bfc062723c751e8b465ee728b)
Start importing Assets/Pixel Adventure 1/Assets/Main Characters/Appearing (96x96).png using Guid(3421078018dc3934a8c1ab3b7bf89aa0) Importer(815301076,1909f56bfc062723c751e8b465ee728b)  -> (artifact id: '7a485b722571e9f7fac4245565b725ff') in 0.093893 seconds 
  Import took 0.097644 seconds .

========================================================================
Received Import Request.
  Time since last request: 0.000239 seconds.
  path: Assets/Pixel Adventure 1/Assets/Main Characters/Desappearing (96x96).png
  artifactKey: Guid(99e1beacf34e67c42afd2d344aefcc3c) Importer(815301076,1909f56bfc062723c751e8b465ee728b)
Start importing Assets/Pixel Adventure 1/Assets/Main Characters/Desappearing (96x96).png using Guid(99e1beacf34e67c42afd2d344aefcc3c) Importer(815301076,1909f56bfc062723c751e8b465ee728b)  -> (artifact id: 'd7892484328a2d982fe4c1464fd5298f') in 0.058979 seconds 
  Import took 0.062386 seconds .

========================================================================
Received Import Request.
  Time since last request: 0.538127 seconds.
  path: Assets/Pixel Adventure 1/Assets/Main Characters/Virtual Guy
  artifactKey: Guid(5ef42789be2506f4893c4622d915911d) Importer(815301076,1909f56bfc062723c751e8b465ee728b)
Start importing Assets/Pixel Adventure 1/Assets/Main Characters/Virtual Guy using Guid(5ef42789be2506f4893c4622d915911d) Importer(815301076,1909f56bfc062723c751e8b465ee728b)  -> (artifact id: 'e2f60ac8f88cd259134b99ad06fea416') in 0.012182 seconds 
  Import took 0.016509 seconds .

========================================================================
Received Import Request.
  Time since last request: 0.024791 seconds.
  path: Assets/Pixel Adventure 1/Assets/Main Characters/Virtual Guy/Double Jump (32x32).png
  artifactKey: Guid(62a315a8619ac644f899c29e008115c0) Importer(815301076,1909f56bfc062723c751e8b465ee728b)
Start importing Assets/Pixel Adventure 1/Assets/Main Characters/Virtual Guy/Double Jump (32x32).png using Guid(62a315a8619ac644f899c29e008115c0) Importer(815301076,1909f56bfc062723c751e8b465ee728b)  -> (artifact id: 'de7ab70b5b4bc52380c87bd7d8473562') in 0.039258 seconds 
  Import took 0.043213 seconds .

========================================================================
Received Import Request.
  Time since last request: 0.000317 seconds.
  path: Assets/Pixel Adventure 1/Assets/Main Characters/Virtual Guy/Idle (32x32).png
  artifactKey: Guid(40de9a8703e2e5a47882b0b86451c741) Importer(815301076,1909f56bfc062723c751e8b465ee728b)
Start importing Assets/Pixel Adventure 1/Assets/Main Characters/Virtual Guy/Idle (32x32).png using Guid(40de9a8703e2e5a47882b0b86451c741) Importer(815301076,1909f56bfc062723c751e8b465ee728b)  -> (artifact id: '2a61f64852d36537e6f2cc3fde5d58bf') in 0.062876 seconds 
  Import took 0.066597 seconds .

========================================================================
Received Import Request.
  Time since last request: 0.000212 seconds.
  path: Assets/Pixel Adventure 1/Assets/Main Characters/Virtual Guy/Hit (32x32).png
  artifactKey: Guid(0b4768f2ab470f44ca33fa59836a0774) Importer(815301076,1909f56bfc062723c751e8b465ee728b)
Start importing Assets/Pixel Adventure 1/Assets/Main Characters/Virtual Guy/Hit (32x32).png using Guid(0b4768f2ab470f44ca33fa59836a0774) Importer(815301076,1909f56bfc062723c751e8b465ee728b)  -> (artifact id: '83f687e5d45c10396b764d98d31d771f') in 0.059787 seconds 
  Import took 0.063252 seconds .

========================================================================
Received Import Request.
  Time since last request: 0.000291 seconds.
  path: Assets/Pixel Adventure 1/Assets/Main Characters/Virtual Guy/Wall Jump (32x32).png
  artifactKey: Guid(5a448cc07b6e09343924bf933b0cb70e) Importer(815301076,1909f56bfc062723c751e8b465ee728b)
Start importing Assets/Pixel Adventure 1/Assets/Main Characters/Virtual Guy/Wall Jump (32x32).png using Guid(5a448cc07b6e09343924bf933b0cb70e) Importer(815301076,1909f56bfc062723c751e8b465ee728b)  -> (artifact id: 'f944c6d493f3086086813202a0adfbb2') in 0.048862 seconds 
  Import took 0.053016 seconds .

========================================================================
Received Import Request.
  Time since last request: 0.000279 seconds.
  path: Assets/Pixel Adventure 1/Assets/Main Characters/Virtual Guy/Run (32x32).png
  artifactKey: Guid(552146dbb8bac6f449493bca4b69540f) Importer(815301076,1909f56bfc062723c751e8b465ee728b)
Start importing Assets/Pixel Adventure 1/Assets/Main Characters/Virtual Guy/Run (32x32).png using Guid(552146dbb8bac6f449493bca4b69540f) Importer(815301076,1909f56bfc062723c751e8b465ee728b)  -> (artifact id: '362125283a018124b75e3d84b35092f8') in 0.068802 seconds 
  Import took 0.072253 seconds .

========================================================================
Received Import Request.
  Time since last request: 0.000300 seconds.
  path: Assets/Pixel Adventure 1/Assets/Main Characters/Virtual Guy/Jump (32x32).png
  artifactKey: Guid(320f4eb52e227b446830a1f6fd691fca) Importer(815301076,1909f56bfc062723c751e8b465ee728b)
Start importing Assets/Pixel Adventure 1/Assets/Main Characters/Virtual Guy/Jump (32x32).png using Guid(320f4eb52e227b446830a1f6fd691fca) Importer(815301076,1909f56bfc062723c751e8b465ee728b)  -> (artifact id: 'ba6d4204d3a440572102b6406a6d08c6') in 0.027231 seconds 
  Import took 0.033611 seconds .

========================================================================
Received Import Request.
  Time since last request: 0.000275 seconds.
  path: Assets/Pixel Adventure 1/Assets/Main Characters/Virtual Guy/Fall (32x32).png
  artifactKey: Guid(5c8b2ada1a819a54e8c051165c738f18) Importer(815301076,1909f56bfc062723c751e8b465ee728b)
Start importing Assets/Pixel Adventure 1/Assets/Main Characters/Virtual Guy/Fall (32x32).png using Guid(5c8b2ada1a819a54e8c051165c738f18) Importer(815301076,1909f56bfc062723c751e8b465ee728b)  -> (artifact id: '32e3dbc2c4966811c1320dc9eccf8359') in 0.036252 seconds 
  Import took 0.040833 seconds .

